<?xml version="1.0" encoding="UTF-8"?>
<!-- Generated by org.testng.reporters.JUnitXMLReporter -->
<testsuite ignored="0" hostname="Kamal" failures="0" tests="3" name="Default test" time="9.42" errors="0" timestamp="2026-08-17T12:43:03 CEST">
  <testcase classname="day14.DataProviderLoginTest" name="loginTest" time="0.625"/>
  <testcase classname="day14.DataProviderLoginTest" name="loginTest" time="0.629"/>
  <testcase classname="day14.DataProviderLoginTest" name="loginTest" time="0.506"/>
</testsuite> <!-- Default test -->
