<?xml version="1.0" encoding="UTF-8"?>
<testng-results ignored="0" total="2" passed="2" failed="0" skipped="0">
  <reporter-output>
  </reporter-output>
  <suite started-at="2026-08-17T11:26:38 CEST" name="Default suite" finished-at="2026-08-17T11:26:38 CEST" duration-ms="81">
    <groups>
    </groups>
    <test started-at="2026-08-17T11:26:38 CEST" name="Default test" finished-at="2026-08-17T11:26:38 CEST" duration-ms="81">
      <class name="day13.LifecycleDemo">
        <test-method is-config="true" signature="beforeSuite()[pri:0, instance:day13.LifecycleDemo@470734c3]" started-at="2026-08-17T11:26:38 CEST" name="beforeSuite" finished-at="2026-08-17T11:26:38 CEST" duration-ms="12" status="PASS">
          <reporter-output>
          </reporter-output>
        </test-method> <!-- beforeSuite -->
        <test-method is-config="true" signature="beforeClass()[pri:0, instance:day13.LifecycleDemo@470734c3]" started-at="2026-08-17T11:26:38 CEST" name="beforeClass" finished-at="2026-08-17T11:26:38 CEST" duration-ms="1" status="PASS">
          <reporter-output>
          </reporter-output>
        </test-method> <!-- beforeClass -->
        <test-method is-config="true" signature="beforeMethod()[pri:0, instance:day13.LifecycleDemo@470734c3]" started-at="2026-08-17T11:26:38 CEST" name="beforeMethod" finished-at="2026-08-17T11:26:38 CEST" duration-ms="1" status="PASS">
          <reporter-output>
          </reporter-output>
        </test-method> <!-- beforeMethod -->
        <test-method signature="testOne()[pri:1, instance:day13.LifecycleDemo@470734c3]" started-at="2026-08-17T11:26:38 CEST" name="testOne" finished-at="2026-08-17T11:26:38 CEST" duration-ms="10" status="PASS">
          <reporter-output>
          </reporter-output>
        </test-method> <!-- testOne -->
        <test-method is-config="true" signature="afterMethod()[pri:0, instance:day13.LifecycleDemo@470734c3]" started-at="2026-08-17T11:26:38 CEST" name="afterMethod" finished-at="2026-08-17T11:26:38 CEST" duration-ms="1" status="PASS">
          <reporter-output>
          </reporter-output>
        </test-method> <!-- afterMethod -->
        <test-method is-config="true" signature="beforeMethod()[pri:0, instance:day13.LifecycleDemo@470734c3]" started-at="2026-08-17T11:26:38 CEST" name="beforeMethod" finished-at="2026-08-17T11:26:38 CEST" duration-ms="1" status="PASS">
          <reporter-output>
          </reporter-output>
        </test-method> <!-- beforeMethod -->
        <test-method signature="testTwo()[pri:2, instance:day13.LifecycleDemo@470734c3]" started-at="2026-08-17T11:26:38 CEST" name="testTwo" finished-at="2026-08-17T11:26:38 CEST" duration-ms="1" status="PASS">
          <reporter-output>
          </reporter-output>
        </test-method> <!-- testTwo -->
        <test-method is-config="true" signature="afterMethod()[pri:0, instance:day13.LifecycleDemo@470734c3]" started-at="2026-08-17T11:26:38 CEST" name="afterMethod" finished-at="2026-08-17T11:26:38 CEST" duration-ms="1" status="PASS">
          <reporter-output>
          </reporter-output>
        </test-method> <!-- afterMethod -->
        <test-method is-config="true" signature="afterClass()[pri:0, instance:day13.LifecycleDemo@470734c3]" started-at="2026-08-17T11:26:38 CEST" name="afterClass" finished-at="2026-08-17T11:26:38 CEST" duration-ms="2" status="PASS">
          <reporter-output>
          </reporter-output>
        </test-method> <!-- afterClass -->
        <test-method is-config="true" signature="afterSuite()[pri:0, instance:day13.LifecycleDemo@470734c3]" started-at="2026-08-17T11:26:38 CEST" name="afterSuite" finished-at="2026-08-17T11:26:38 CEST" duration-ms="1" status="PASS">
          <reporter-output>
          </reporter-output>
        </test-method> <!-- afterSuite -->
      </class> <!-- day13.LifecycleDemo -->
    </test> <!-- Default test -->
  </suite> <!-- Default suite -->
</testng-results>
