<?xml version="1.0" encoding="UTF-8"?>
<!-- Generated by org.testng.reporters.JUnitReportReporter -->
<testsuite hostname="Kamal" failures="0" tests="3" name="day14.DataProviderLoginTest" time="9.299" errors="0" timestamp="2026-08-17T12:43:03 CEST" skipped="0">
  <testcase classname="day14.DataProviderLoginTest" name="loginTest" time="3.857"/>
  <testcase classname="day14.DataProviderLoginTest" name="loginTest" time="2.985"/>
  <testcase classname="day14.DataProviderLoginTest" name="loginTest" time="2.457"/>
</testsuite> <!-- day14.DataProviderLoginTest -->
